c:\users\public\opengl\project_template\lab 3 part 2\x64\debug\vc143.pdb
c:\users\public\opengl\project_template\lab 3 part 2\x64\debug\vc143.idb
c:\users\public\opengl\project_template\lab 3 part 2\x64\debug\glad.obj
c:\users\public\opengl\project_template\lab 3 part 2\x64\debug\scenebasic_uniform.obj
c:\users\public\opengl\project_template\lab 3 part 2\x64\debug\main.obj
c:\users\public\opengl\project_template\lab 3 part 2\x64\debug\trianglemesh.obj
c:\users\public\opengl\project_template\lab 3 part 2\x64\debug\torus.obj
c:\users\public\opengl\project_template\lab 3 part 2\x64\debug\teapot.obj
c:\users\public\opengl\project_template\lab 3 part 2\x64\debug\plane.obj
c:\users\public\opengl\project_template\lab 3 part 2\x64\debug\objmesh.obj
c:\users\public\opengl\project_template\lab 3 part 2\x64\debug\glutils.obj
c:\users\public\opengl\project_template\lab 3 part 2\x64\debug\glslprogram.obj
c:\users\public\opengl\project_template\lab 3 part 2\x64\debug\project_template.pdb
c:\users\public\opengl\project_template\lab 3 part 2\x64\debug\project_template.tlog\cl.command.1.tlog
c:\users\public\opengl\project_template\lab 3 part 2\x64\debug\project_template.tlog\cl.read.1.tlog
c:\users\public\opengl\project_template\lab 3 part 2\x64\debug\project_template.tlog\cl.write.1.tlog
c:\users\public\opengl\project_template\lab 3 part 2\x64\debug\project_template.tlog\link.command.1.tlog
c:\users\public\opengl\project_template\lab 3 part 2\x64\debug\project_template.tlog\link.read.1.tlog
c:\users\public\opengl\project_template\lab 3 part 2\x64\debug\project_template.tlog\link.read.2.tlog
c:\users\public\opengl\project_template\lab 3 part 2\x64\debug\project_template.tlog\link.write.1.tlog
